<?xml version="1.0" encoding="UTF-8"?>
<!-- Generated by org.testng.reporters.JUnitReportReporter -->
<testsuite hostname="DESKTOP-K93CN0Q" failures="0" tests="1" name="productApp.tc.TC_HomePage" time="9.643" errors="0" timestamp="2022-11-26T12:17:12 EET" skipped="0">
  <testcase classname="productApp.tc.TC_HomePage" name="t_01_validate_form" time="9.643"/>
  <system-out/>
</testsuite> <!-- productApp.tc.TC_HomePage -->
